<?xml version="1.0" encoding="UTF-8"?>
<testsuite name="cidr.CidrBlockBuilderTest" tests="3" skipped="0" failures="0" errors="0" timestamp="2025-08-15T14:41:33" hostname="tvajjala-mac" time="0.291">
  <properties/>
  <testcase name="subnetBlockWithMask24Test()" classname="cidr.CidrBlockBuilderTest" time="0.285"/>
  <testcase name="subnetBlockWithMask28Test()" classname="cidr.CidrBlockBuilderTest" time="0.003"/>
  <testcase name="foundOverlappingAddressTest()" classname="cidr.CidrBlockBuilderTest" time="0.003"/>
  <system-out><![CDATA[]]></system-out>
  <system-err><![CDATA[]]></system-err>
</testsuite>
